{"C:\\Lessons14\\fetchData.js": {"path":"C:\\Lessons14\\fetchData.js","all":false,"statementMap":{"0":{"start":{"line":1,"column":0},"end":{"line":1,"column":31}},"1":{"start":{"line":2,"column":0},"end":{"line":2,"column":19}},"2":{"start":{"line":3,"column":0},"end":{"line":3,"column":17}},"3":{"start":{"line":4,"column":0},"end":{"line":4,"column":9}},"4":{"start":{"line":5,"column":0},"end":{"line":5,"column":8}},"5":{"start":{"line":6,"column":0},"end":{"line":6,"column":31}}},"s":{"0":2,"1":2,"2":1,"3":2,"4":2,"5":1},"branchMap":{"0":{"type":"branch","line":1,"loc":{"start":{"line":1,"column":0},"end":{"line":5,"column":8}},"locations":[{"start":{"line":1,"column":0},"end":{"line":5,"column":8}}]},"1":{"type":"branch","line":2,"loc":{"start":{"line":2,"column":12},"end":{"line":4,"column":1}},"locations":[{"start":{"line":2,"column":12},"end":{"line":4,"column":1}}]}},"b":{"0":[2],"1":[1]},"fnMap":{"0":{"name":"fetchData","decl":{"start":{"line":1,"column":0},"end":{"line":5,"column":8}},"loc":{"start":{"line":1,"column":0},"end":{"line":5,"column":8}},"line":1}},"f":{"0":2}}
}
